# JRE version: Java(TM) SE Runtime Environment (8.0_144-b01) (build 1.8.0_144-b01)
# Java VM: Java HotSpot(TM) 64-Bit Server VM (25.144-b01 mixed mode windows-amd64 compressed oops)
Heap:
 PSYoungGen      total 383488K, used 167298K [0x000000076b400000, 0x000000079dd80000, 0x00000007c0000000)
  eden space 205824K, 16% used [0x000000076b400000,0x000000076d469b40,0x0000000777d00000)
  from space 177664K, 75% used [0x0000000777d00000,0x000000077fff6da8,0x0000000782a80000)
  to   space 272384K, 0% used [0x000000078d380000,0x000000078d380000,0x000000079dd80000)
 ParOldGen       total 884736K, used 539396K [0x00000006c1c00000, 0x00000006f7c00000, 0x000000076b400000)
  object space 884736K, 60% used [0x00000006c1c00000,0x00000006e2ac1380,0x00000006f7c00000)
 Metaspace       used 8989K, capacity 9062K, committed 9088K, reserved 1056768K
  class space    used 870K, capacity 880K, committed 896K, reserved 1048576K
GC Heap History (10 events):
Event: 2.154 GC heap before
{Heap before GC invocations=6 (full 2):
 PSYoungGen      total 215552K, used 10724K [0x000000076b400000, 0x000000077c900000, 0x00000007c0000000)
  eden space 204800K, 0% used [0x000000076b400000,0x000000076b400000,0x0000000777c00000)
  from space 10752K, 99% used [0x000000077be80000,0x000000077c8f9010,0x000000077c900000)
  to   space 10752K, 0% used [0x000000077b400000,0x000000077b400000,0x000000077be80000)
 ParOldGen       total 324096K, used 253249K [0x00000006c1c00000, 0x00000006d5880000, 0x000000076b400000)
  object space 324096K, 78% used [0x00000006c1c00000,0x00000006d1350728,0x00000006d5880000)
 Metaspace       used 6713K, capacity 6822K, committed 6912K, reserved 1056768K
  class space    used 661K, capacity 688K, committed 768K, reserved 1048576K
Event: 2.284 GC heap after
Heap after GC invocations=6 (full 2):
 PSYoungGen      total 215552K, used 0K [0x000000076b400000, 0x000000077c900000, 0x00000007c0000000)
  eden space 204800K, 0% used [0x000000076b400000,0x000000076b400000,0x0000000777c00000)
  from space 10752K, 0% used [0x000000077be80000,0x000000077be80000,0x000000077c900000)
  to   space 10752K, 0% used [0x000000077b400000,0x000000077b400000,0x000000077be80000)
 ParOldGen       total 523776K, used 260936K [0x00000006c1c00000, 0x00000006e1b80000, 0x000000076b400000)
  object space 523776K, 49% used [0x00000006c1c00000,0x00000006d1ad2248,0x00000006e1b80000)
 Metaspace       used 6713K, capacity 6822K, committed 6912K, reserved 1056768K
  class space    used 661K, capacity 688K, committed 768K, reserved 1048576K
}
Event: 2.553 GC heap before
{Heap before GC invocations=7 (full 2):
 PSYoungGen      total 215552K, used 204800K [0x000000076b400000, 0x000000077c900000, 0x00000007c0000000)
  eden space 204800K, 100% used [0x000000076b400000,0x0000000777c00000,0x0000000777c00000)
  from space 10752K, 0% used [0x000000077be80000,0x000000077be80000,0x000000077c900000)
  to   space 10752K, 0% used [0x000000077b400000,0x000000077b400000,0x000000077be80000)
 ParOldGen       total 523776K, used 260936K [0x00000006c1c00000, 0x00000006e1b80000, 0x000000076b400000)
  object space 523776K, 49% used [0x00000006c1c00000,0x00000006d1ad2248,0x00000006e1b80000)
 Metaspace       used 6732K, capacity 6822K, committed 6912K, reserved 1056768K
  class space    used 664K, capacity 688K, committed 768K, reserved 1048576K
Event: 2.580 GC heap after
Heap after GC invocations=7 (full 2):
 PSYoungGen      total 272384K, used 10736K [0x000000076b400000, 0x000000078a180000, 0x00000007c0000000)
  eden space 261632K, 0% used [0x000000076b400000,0x000000076b400000,0x000000077b380000)
  from space 10752K, 99% used [0x000000077b400000,0x000000077be7c010,0x000000077be80000)
  to   space 121856K, 0% used [0x0000000782a80000,0x0000000782a80000,0x000000078a180000)
 ParOldGen       total 523776K, used 343406K [0x00000006c1c00000, 0x00000006e1b80000, 0x000000076b400000)
  object space 523776K, 65% used [0x00000006c1c00000,0x00000006d6b5b8e0,0x00000006e1b80000)
 Metaspace       used 6732K, capacity 6822K, committed 6912K, reserved 1056768K
  class space    used 664K, capacity 688K, committed 768K, reserved 1048576K
}
Event: 2.878 GC heap before
{Heap before GC invocations=8 (full 2):
 PSYoungGen      total 272384K, used 272368K [0x000000076b400000, 0x000000078a180000, 0x00000007c0000000)
  eden space 261632K, 100% used [0x000000076b400000,0x000000077b380000,0x000000077b380000)
  from space 10752K, 99% used [0x000000077b400000,0x000000077be7c010,0x000000077be80000)
  to   space 121856K, 0% used [0x0000000782a80000,0x0000000782a80000,0x000000078a180000)
 ParOldGen       total 523776K, used 343406K [0x00000006c1c00000, 0x00000006e1b80000, 0x000000076b400000)
  object space 523776K, 65% used [0x00000006c1c00000,0x00000006d6b5b8e0,0x00000006e1b80000)
 Metaspace       used 6737K, capacity 6822K, committed 6912K, reserved 1056768K
  class space    used 664K, capacity 688K, committed 768K, reserved 1048576K
Event: 2.923 GC heap after
Heap after GC invocations=8 (full 2):
 PSYoungGen      total 327680K, used 121829K [0x000000076b400000, 0x0000000795700000, 0x00000007c0000000)
  eden space 205824K, 0% used [0x000000076b400000,0x000000076b400000,0x0000000777d00000)
  from space 121856K, 99% used [0x0000000782a80000,0x000000078a179570,0x000000078a180000)
  to   space 177664K, 0% used [0x0000000777d00000,0x0000000777d00000,0x0000000782a80000)
 ParOldGen       total 523776K, used 409677K [0x00000006c1c00000, 0x00000006e1b80000, 0x000000076b400000)
  object space 523776K, 78% used [0x00000006c1c00000,0x00000006dac135b8,0x00000006e1b80000)
 Metaspace       used 6737K, capacity 6822K, committed 6912K, reserved 1056768K
  class space    used 664K, capacity 688K, committed 768K, reserved 1048576K
}
Event: 3.050 GC heap before
{Heap before GC invocations=9 (full 2):
 PSYoungGen      total 327680K, used 327276K [0x000000076b400000, 0x0000000795700000, 0x00000007c0000000)
  eden space 205824K, 99% used [0x000000076b400000,0x0000000777ca1b48,0x0000000777d00000)
  from space 121856K, 99% used [0x0000000782a80000,0x000000078a179570,0x000000078a180000)
  to   space 177664K, 0% used [0x0000000777d00000,0x0000000777d00000,0x0000000782a80000)
 ParOldGen       total 523776K, used 409677K [0x00000006c1c00000, 0x00000006e1b80000, 0x000000076b400000)
  object space 523776K, 78% used [0x00000006c1c00000,0x00000006dac135b8,0x00000006e1b80000)
 Metaspace       used 6894K, capacity 7046K, committed 7168K, reserved 1056768K
  class space    used 681K, capacity 720K, committed 768K, reserved 1048576K
Event: 3.128 GC heap after
Heap after GC invocations=9 (full 2):
 PSYoungGen      total 383488K, used 177645K [0x000000076b400000, 0x000000079dd80000, 0x00000007c0000000)
  eden space 205824K, 0% used [0x000000076b400000,0x000000076b400000,0x0000000777d00000)
  from space 177664K, 99% used [0x0000000777d00000,0x0000000782a7b590,0x0000000782a80000)
  to   space 272384K, 0% used [0x000000078d380000,0x000000078d380000,0x000000079dd80000)
 ParOldGen       total 539648K, used 538458K [0x00000006c1c00000, 0x00000006e2b00000, 0x000000076b400000)
  object space 539648K, 99% used [0x00000006c1c00000,0x00000006e29d6ab0,0x00000006e2b00000)
 Metaspace       used 6894K, capacity 7046K, committed 7168K, reserved 1056768K
  class space    used 681K, capacity 720K, committed 768K, reserved 1048576K
}
Event: 3.128 GC heap before
{Heap before GC invocations=10 (full 3):
 PSYoungGen      total 383488K, used 177645K [0x000000076b400000, 0x000000079dd80000, 0x00000007c0000000)
  eden space 205824K, 0% used [0x000000076b400000,0x000000076b400000,0x0000000777d00000)
  from space 177664K, 99% used [0x0000000777d00000,0x0000000782a7b590,0x0000000782a80000)
  to   space 272384K, 0% used [0x000000078d380000,0x000000078d380000,0x000000079dd80000)
 ParOldGen       total 539648K, used 538458K [0x00000006c1c00000, 0x00000006e2b00000, 0x000000076b400000)
  object space 539648K, 99% used [0x00000006c1c00000,0x00000006e29d6ab0,0x00000006e2b00000)
 Metaspace       used 6894K, capacity 7046K, committed 7168K, reserved 1056768K
  class space    used 681K, capacity 720K, committed 768K, reserved 1048576K
Event: 3.378 GC heap after
Heap after GC invocations=10 (full 3):
 PSYoungGen      total 383488K, used 134107K [0x000000076b400000, 0x000000079dd80000, 0x00000007c0000000)
  eden space 205824K, 0% used [0x000000076b400000,0x000000076b400000,0x0000000777d00000)
  from space 177664K, 75% used [0x0000000777d00000,0x000000077fff6da8,0x0000000782a80000)
  to   space 272384K, 0% used [0x000000078d380000,0x000000078d380000,0x000000079dd80000)
 ParOldGen       total 884736K, used 539396K [0x00000006c1c00000, 0x00000006f7c00000, 0x000000076b400000)
  object space 884736K, 60% used [0x00000006c1c00000,0x00000006e2ac1380,0x00000006f7c00000)
 Metaspace       used 6894K, capacity 7046K, committed 7168K, reserved 1056768K
  class space    used 681K, capacity 720K, committed 768K, reserved 1048576K
}

