# JRE version: Java(TM) SE Runtime Environment (8.0_05-b13) (build 1.8.0_05-b13)
# Java VM: Java HotSpot(TM) 64-Bit Server VM (25.5-b02 mixed mode windows-amd64 compressed oops)
Heap:
 PSYoungGen      total 137728K, used 52217K [0x000000076ae00000, 0x0000000773e80000, 0x00000007c0000000)
  eden space 133632K, 36% used [0x000000076ae00000,0x000000076dd03ba0,0x0000000773080000)
  from space 4096K, 99% used [0x0000000773680000,0x0000000773a7a9d0,0x0000000773a80000)
  to   space 6144K, 0% used [0x0000000773080000,0x0000000773080000,0x0000000773680000)
 ParOldGen       total 260608K, used 14190K [0x00000006c0a00000, 0x00000006d0880000, 0x000000076ae00000)
  object space 260608K, 5% used [0x00000006c0a00000,0x00000006c17dbae8,0x00000006d0880000)
 Metaspace       used 7939K, capacity 8694K, committed 8832K, reserved 1056768K
  class space    used 746K, capacity 784K, committed 896K, reserved 1048576K
GC Heap History (10 events):
Event: 0.877 GC heap before
{Heap before GC invocations=18 (full 0):
 PSYoungGen      total 53760K, used 49152K [0x000000076ae00000, 0x000000076f980000, 0x00000007c0000000)
  eden space 49152K, 100% used [0x000000076ae00000,0x000000076de00000,0x000000076de00000)
  from space 4608K, 0% used [0x000000076de00000,0x000000076de00000,0x000000076e280000)
  to   space 4096K, 0% used [0x000000076f580000,0x000000076f580000,0x000000076f980000)
 ParOldGen       total 260608K, used 11597K [0x00000006c0a00000, 0x00000006d0880000, 0x000000076ae00000)
  object space 260608K, 4% used [0x00000006c0a00000,0x00000006c1553520,0x00000006d0880000)
 Metaspace       used 6674K, capacity 7574K, committed 7680K, reserved 1056768K
  class space    used 641K, capacity 688K, committed 768K, reserved 1048576K
Event: 0.877 GC heap after
Heap after GC invocations=18 (full 0):
 PSYoungGen      total 73216K, used 0K [0x000000076ae00000, 0x000000076f980000, 0x00000007c0000000)
  eden space 69120K, 0% used [0x000000076ae00000,0x000000076ae00000,0x000000076f180000)
  from space 4096K, 0% used [0x000000076f580000,0x000000076f580000,0x000000076f980000)
  to   space 4096K, 0% used [0x000000076f180000,0x000000076f180000,0x000000076f580000)
 ParOldGen       total 260608K, used 11597K [0x00000006c0a00000, 0x00000006d0880000, 0x000000076ae00000)
  object space 260608K, 4% used [0x00000006c0a00000,0x00000006c1553520,0x00000006d0880000)
 Metaspace       used 6674K, capacity 7574K, committed 7680K, reserved 1056768K
  class space    used 641K, capacity 688K, committed 768K, reserved 1048576K
}
Event: 0.944 GC heap before
{Heap before GC invocations=19 (full 0):
 PSYoungGen      total 73216K, used 69120K [0x000000076ae00000, 0x000000076f980000, 0x00000007c0000000)
  eden space 69120K, 100% used [0x000000076ae00000,0x000000076f180000,0x000000076f180000)
  from space 4096K, 0% used [0x000000076f580000,0x000000076f580000,0x000000076f980000)
  to   space 4096K, 0% used [0x000000076f180000,0x000000076f180000,0x000000076f580000)
 ParOldGen       total 260608K, used 11597K [0x00000006c0a00000, 0x00000006d0880000, 0x000000076ae00000)
  object space 260608K, 4% used [0x00000006c0a00000,0x00000006c1553520,0x00000006d0880000)
 Metaspace       used 6674K, capacity 7574K, committed 7680K, reserved 1056768K
  class space    used 641K, capacity 688K, committed 768K, reserved 1048576K
Event: 0.945 GC heap after
Heap after GC invocations=19 (full 0):
 PSYoungGen      total 73216K, used 0K [0x000000076ae00000, 0x0000000771480000, 0x00000007c0000000)
  eden space 69120K, 0% used [0x000000076ae00000,0x000000076ae00000,0x000000076f180000)
  from space 4096K, 0% used [0x000000076f180000,0x000000076f180000,0x000000076f580000)
  to   space 4096K, 0% used [0x0000000771080000,0x0000000771080000,0x0000000771480000)
 ParOldGen       total 260608K, used 11597K [0x00000006c0a00000, 0x00000006d0880000, 0x000000076ae00000)
  object space 260608K, 4% used [0x00000006c0a00000,0x00000006c1553520,0x00000006d0880000)
 Metaspace       used 6674K, capacity 7574K, committed 7680K, reserved 1056768K
  class space    used 641K, capacity 688K, committed 768K, reserved 1048576K
}
Event: 1.010 GC heap before
{Heap before GC invocations=20 (full 0):
 PSYoungGen      total 73216K, used 69120K [0x000000076ae00000, 0x0000000771480000, 0x00000007c0000000)
  eden space 69120K, 100% used [0x000000076ae00000,0x000000076f180000,0x000000076f180000)
  from space 4096K, 0% used [0x000000076f180000,0x000000076f180000,0x000000076f580000)
  to   space 4096K, 0% used [0x0000000771080000,0x0000000771080000,0x0000000771480000)
 ParOldGen       total 260608K, used 11597K [0x00000006c0a00000, 0x00000006d0880000, 0x000000076ae00000)
  object space 260608K, 4% used [0x00000006c0a00000,0x00000006c1553520,0x00000006d0880000)
 Metaspace       used 6674K, capacity 7574K, committed 7680K, reserved 1056768K
  class space    used 641K, capacity 688K, committed 768K, reserved 1048576K
Event: 1.011 GC heap after
Heap after GC invocations=20 (full 0):
 PSYoungGen      total 99840K, used 0K [0x000000076ae00000, 0x0000000771380000, 0x00000007c0000000)
  eden space 96768K, 0% used [0x000000076ae00000,0x000000076ae00000,0x0000000770c80000)
  from space 3072K, 0% used [0x0000000771080000,0x0000000771080000,0x0000000771380000)
  to   space 3584K, 0% used [0x0000000770c80000,0x0000000770c80000,0x0000000771000000)
 ParOldGen       total 260608K, used 11597K [0x00000006c0a00000, 0x00000006d0880000, 0x000000076ae00000)
  object space 260608K, 4% used [0x00000006c0a00000,0x00000006c1553520,0x00000006d0880000)
 Metaspace       used 6674K, capacity 7574K, committed 7680K, reserved 1056768K
  class space    used 641K, capacity 688K, committed 768K, reserved 1048576K
}
Event: 3.785 GC heap before
{Heap before GC invocations=21 (full 0):
 PSYoungGen      total 99840K, used 96768K [0x000000076ae00000, 0x0000000771380000, 0x00000007c0000000)
  eden space 96768K, 100% used [0x000000076ae00000,0x0000000770c80000,0x0000000770c80000)
  from space 3072K, 0% used [0x0000000771080000,0x0000000771080000,0x0000000771380000)
  to   space 3584K, 0% used [0x0000000770c80000,0x0000000770c80000,0x0000000771000000)
 ParOldGen       total 260608K, used 11597K [0x00000006c0a00000, 0x00000006d0880000, 0x000000076ae00000)
  object space 260608K, 4% used [0x00000006c0a00000,0x00000006c1553520,0x00000006d0880000)
 Metaspace       used 6985K, capacity 7862K, committed 7936K, reserved 1056768K
  class space    used 674K, capacity 720K, committed 768K, reserved 1048576K
Event: 3.794 GC heap after
Heap after GC invocations=21 (full 0):
 PSYoungGen      total 100352K, used 2432K [0x000000076ae00000, 0x0000000773a80000, 0x00000007c0000000)
  eden space 96768K, 0% used [0x000000076ae00000,0x000000076ae00000,0x0000000770c80000)
  from space 3584K, 67% used [0x0000000770c80000,0x0000000770ee0000,0x0000000771000000)
  to   space 4096K, 0% used [0x0000000773680000,0x0000000773680000,0x0000000773a80000)
 ParOldGen       total 260608K, used 11605K [0x00000006c0a00000, 0x00000006d0880000, 0x000000076ae00000)
  object space 260608K, 4% used [0x00000006c0a00000,0x00000006c1555520,0x00000006d0880000)
 Metaspace       used 6985K, capacity 7862K, committed 7936K, reserved 1056768K
  class space    used 674K, capacity 720K, committed 768K, reserved 1048576K
}
Event: 12.727 GC heap before
{Heap before GC invocations=22 (full 0):
 PSYoungGen      total 100352K, used 99200K [0x000000076ae00000, 0x0000000773a80000, 0x00000007c0000000)
  eden space 96768K, 100% used [0x000000076ae00000,0x0000000770c80000,0x0000000770c80000)
  from space 3584K, 67% used [0x0000000770c80000,0x0000000770ee0000,0x0000000771000000)
  to   space 4096K, 0% used [0x0000000773680000,0x0000000773680000,0x0000000773a80000)
 ParOldGen       total 260608K, used 11605K [0x00000006c0a00000, 0x00000006d0880000, 0x000000076ae00000)
  object space 260608K, 4% used [0x00000006c0a00000,0x00000006c1555520,0x00000006d0880000)
 Metaspace       used 7886K, capacity 8694K, committed 8832K, reserved 1056768K
  class space    used 746K, capacity 784K, committed 896K, reserved 1048576K
Event: 12.732 GC heap after
Heap after GC invocations=22 (full 0):
 PSYoungGen      total 137728K, used 4074K [0x000000076ae00000, 0x0000000773e80000, 0x00000007c0000000)
  eden space 133632K, 0% used [0x000000076ae00000,0x000000076ae00000,0x0000000773080000)
  from space 4096K, 99% used [0x0000000773680000,0x0000000773a7a9d0,0x0000000773a80000)
  to   space 6144K, 0% used [0x0000000773080000,0x0000000773080000,0x0000000773680000)
 ParOldGen       total 260608K, used 14190K [0x00000006c0a00000, 0x00000006d0880000, 0x000000076ae00000)
  object space 260608K, 5% used [0x00000006c0a00000,0x00000006c17dbae8,0x00000006d0880000)
 Metaspace       used 7886K, capacity 8694K, committed 8832K, reserved 1056768K
  class space    used 746K, capacity 784K, committed 896K, reserved 1048576K
}

