# JRE version: Java(TM) SE Runtime Environment (8.0_05-b13) (build 1.8.0_05-b13)
# Java VM: Java HotSpot(TM) 64-Bit Server VM (25.5-b02 mixed mode windows-amd64 compressed oops)
Heap:
 PSYoungGen      total 98304K, used 51038K [0x000000076ae00000, 0x0000000771200000, 0x00000007c0000000)
  eden space 94208K, 54% used [0x000000076ae00000,0x000000076dfd7948,0x0000000770a00000)
  from space 4096K, 0% used [0x0000000770e00000,0x0000000770e00000,0x0000000771200000)
  to   space 4096K, 0% used [0x0000000770a00000,0x0000000770a00000,0x0000000770e00000)
 ParOldGen       total 260608K, used 11539K [0x00000006c0a00000, 0x00000006d0880000, 0x000000076ae00000)
  object space 260608K, 4% used [0x00000006c0a00000,0x00000006c1544f20,0x00000006d0880000)
 Metaspace       used 7400K, capacity 8278K, committed 8448K, reserved 1056768K
  class space    used 710K, capacity 752K, committed 768K, reserved 1048576K
GC Heap History (10 events):
Event: 0.913 GC heap before
{Heap before GC invocations=16 (full 0):
 PSYoungGen      total 34816K, used 29696K [0x000000076ae00000, 0x000000076e680000, 0x00000007c0000000)
  eden space 29696K, 100% used [0x000000076ae00000,0x000000076cb00000,0x000000076cb00000)
  from space 5120K, 0% used [0x000000076cb00000,0x000000076cb00000,0x000000076d000000)
  to   space 5120K, 0% used [0x000000076e180000,0x000000076e180000,0x000000076e680000)
 ParOldGen       total 260608K, used 11539K [0x00000006c0a00000, 0x00000006d0880000, 0x000000076ae00000)
  object space 260608K, 4% used [0x00000006c0a00000,0x00000006c1544f20,0x00000006d0880000)
 Metaspace       used 6801K, capacity 7766K, committed 7936K, reserved 1056768K
  class space    used 640K, capacity 688K, committed 768K, reserved 1048576K
Event: 0.914 GC heap after
Heap after GC invocations=16 (full 0):
 PSYoungGen      total 51712K, used 0K [0x000000076ae00000, 0x000000076e580000, 0x00000007c0000000)
  eden space 47616K, 0% used [0x000000076ae00000,0x000000076ae00000,0x000000076dc80000)
  from space 4096K, 0% used [0x000000076e180000,0x000000076e180000,0x000000076e580000)
  to   space 4608K, 0% used [0x000000076dc80000,0x000000076dc80000,0x000000076e100000)
 ParOldGen       total 260608K, used 11539K [0x00000006c0a00000, 0x00000006d0880000, 0x000000076ae00000)
  object space 260608K, 4% used [0x00000006c0a00000,0x00000006c1544f20,0x00000006d0880000)
 Metaspace       used 6801K, capacity 7766K, committed 7936K, reserved 1056768K
  class space    used 640K, capacity 688K, committed 768K, reserved 1048576K
}
Event: 0.960 GC heap before
{Heap before GC invocations=17 (full 0):
 PSYoungGen      total 51712K, used 47616K [0x000000076ae00000, 0x000000076e580000, 0x00000007c0000000)
  eden space 47616K, 100% used [0x000000076ae00000,0x000000076dc80000,0x000000076dc80000)
  from space 4096K, 0% used [0x000000076e180000,0x000000076e180000,0x000000076e580000)
  to   space 4608K, 0% used [0x000000076dc80000,0x000000076dc80000,0x000000076e100000)
 ParOldGen       total 260608K, used 11539K [0x00000006c0a00000, 0x00000006d0880000, 0x000000076ae00000)
  object space 260608K, 4% used [0x00000006c0a00000,0x00000006c1544f20,0x00000006d0880000)
 Metaspace       used 6801K, capacity 7766K, committed 7936K, reserved 1056768K
  class space    used 640K, capacity 688K, committed 768K, reserved 1048576K
Event: 0.961 GC heap after
Heap after GC invocations=17 (full 0):
 PSYoungGen      total 52224K, used 0K [0x000000076ae00000, 0x000000076f880000, 0x00000007c0000000)
  eden space 47616K, 0% used [0x000000076ae00000,0x000000076ae00000,0x000000076dc80000)
  from space 4608K, 0% used [0x000000076dc80000,0x000000076dc80000,0x000000076e100000)
  to   space 4608K, 0% used [0x000000076f400000,0x000000076f400000,0x000000076f880000)
 ParOldGen       total 260608K, used 11539K [0x00000006c0a00000, 0x00000006d0880000, 0x000000076ae00000)
  object space 260608K, 4% used [0x00000006c0a00000,0x00000006c1544f20,0x00000006d0880000)
 Metaspace       used 6801K, capacity 7766K, committed 7936K, reserved 1056768K
  class space    used 640K, capacity 688K, committed 768K, reserved 1048576K
}
Event: 1.003 GC heap before
{Heap before GC invocations=18 (full 0):
 PSYoungGen      total 52224K, used 47616K [0x000000076ae00000, 0x000000076f880000, 0x00000007c0000000)
  eden space 47616K, 100% used [0x000000076ae00000,0x000000076dc80000,0x000000076dc80000)
  from space 4608K, 0% used [0x000000076dc80000,0x000000076dc80000,0x000000076e100000)
  to   space 4608K, 0% used [0x000000076f400000,0x000000076f400000,0x000000076f880000)
 ParOldGen       total 260608K, used 11539K [0x00000006c0a00000, 0x00000006d0880000, 0x000000076ae00000)
  object space 260608K, 4% used [0x00000006c0a00000,0x00000006c1544f20,0x00000006d0880000)
 Metaspace       used 6801K, capacity 7766K, committed 7936K, reserved 1056768K
  class space    used 640K, capacity 688K, committed 768K, reserved 1048576K
Event: 1.003 GC heap after
Heap after GC invocations=18 (full 0):
 PSYoungGen      total 71680K, used 0K [0x000000076ae00000, 0x000000076f880000, 0x00000007c0000000)
  eden space 67072K, 0% used [0x000000076ae00000,0x000000076ae00000,0x000000076ef80000)
  from space 4608K, 0% used [0x000000076f400000,0x000000076f400000,0x000000076f880000)
  to   space 4608K, 0% used [0x000000076ef80000,0x000000076ef80000,0x000000076f400000)
 ParOldGen       total 260608K, used 11539K [0x00000006c0a00000, 0x00000006d0880000, 0x000000076ae00000)
  object space 260608K, 4% used [0x00000006c0a00000,0x00000006c1544f20,0x00000006d0880000)
 Metaspace       used 6801K, capacity 7766K, committed 7936K, reserved 1056768K
  class space    used 640K, capacity 688K, committed 768K, reserved 1048576K
}
Event: 1.067 GC heap before
{Heap before GC invocations=19 (full 0):
 PSYoungGen      total 71680K, used 67072K [0x000000076ae00000, 0x000000076f880000, 0x00000007c0000000)
  eden space 67072K, 100% used [0x000000076ae00000,0x000000076ef80000,0x000000076ef80000)
  from space 4608K, 0% used [0x000000076f400000,0x000000076f400000,0x000000076f880000)
  to   space 4608K, 0% used [0x000000076ef80000,0x000000076ef80000,0x000000076f400000)
 ParOldGen       total 260608K, used 11539K [0x00000006c0a00000, 0x00000006d0880000, 0x000000076ae00000)
  object space 260608K, 4% used [0x00000006c0a00000,0x00000006c1544f20,0x00000006d0880000)
 Metaspace       used 6801K, capacity 7766K, committed 7936K, reserved 1056768K
  class space    used 640K, capacity 688K, committed 768K, reserved 1048576K
Event: 1.068 GC heap after
Heap after GC invocations=19 (full 0):
 PSYoungGen      total 71680K, used 0K [0x000000076ae00000, 0x0000000771200000, 0x00000007c0000000)
  eden space 67072K, 0% used [0x000000076ae00000,0x000000076ae00000,0x000000076ef80000)
  from space 4608K, 0% used [0x000000076ef80000,0x000000076ef80000,0x000000076f400000)
  to   space 4096K, 0% used [0x0000000770e00000,0x0000000770e00000,0x0000000771200000)
 ParOldGen       total 260608K, used 11539K [0x00000006c0a00000, 0x00000006d0880000, 0x000000076ae00000)
  object space 260608K, 4% used [0x00000006c0a00000,0x00000006c1544f20,0x00000006d0880000)
 Metaspace       used 6801K, capacity 7766K, committed 7936K, reserved 1056768K
  class space    used 640K, capacity 688K, committed 768K, reserved 1048576K
}
Event: 1.130 GC heap before
{Heap before GC invocations=20 (full 0):
 PSYoungGen      total 71680K, used 67072K [0x000000076ae00000, 0x0000000771200000, 0x00000007c0000000)
  eden space 67072K, 100% used [0x000000076ae00000,0x000000076ef80000,0x000000076ef80000)
  from space 4608K, 0% used [0x000000076ef80000,0x000000076ef80000,0x000000076f400000)
  to   space 4096K, 0% used [0x0000000770e00000,0x0000000770e00000,0x0000000771200000)
 ParOldGen       total 260608K, used 11539K [0x00000006c0a00000, 0x00000006d0880000, 0x000000076ae00000)
  object space 260608K, 4% used [0x00000006c0a00000,0x00000006c1544f20,0x00000006d0880000)
 Metaspace       used 6801K, capacity 7766K, committed 7936K, reserved 1056768K
  class space    used 640K, capacity 688K, committed 768K, reserved 1048576K
Event: 1.130 GC heap after
Heap after GC invocations=20 (full 0):
 PSYoungGen      total 98304K, used 0K [0x000000076ae00000, 0x0000000771200000, 0x00000007c0000000)
  eden space 94208K, 0% used [0x000000076ae00000,0x000000076ae00000,0x0000000770a00000)
  from space 4096K, 0% used [0x0000000770e00000,0x0000000770e00000,0x0000000771200000)
  to   space 4096K, 0% used [0x0000000770a00000,0x0000000770a00000,0x0000000770e00000)
 ParOldGen       total 260608K, used 11539K [0x00000006c0a00000, 0x00000006d0880000, 0x000000076ae00000)
  object space 260608K, 4% used [0x00000006c0a00000,0x00000006c1544f20,0x00000006d0880000)
 Metaspace       used 6801K, capacity 7766K, committed 7936K, reserved 1056768K
  class space    used 640K, capacity 688K, committed 768K, reserved 1048576K
}

